<?xml version="1.0" encoding="UTF-8"?>
<!-- Generated by org.testng.reporters.JUnitReportReporter -->
<testsuite hostname="magicbook15" failures="0" tests="1" name="com.assignment.AmazonPrize" time="18.897" errors="0" timestamp="2023-09-27T22:43:59 IST" skipped="0">
  <testcase classname="com.assignment.AmazonPrize" name="price" time="18.897"/>
  <system-out/>
</testsuite> <!-- com.assignment.AmazonPrize -->
