<?xml version="1.0" encoding="UTF-8"?>
<!-- Generated by org.testng.reporters.JUnitReportReporter -->
<testsuite hostname="magicbook15" failures="0" tests="2" name="testng.Simple" time="3.737" errors="0" timestamp="2023-09-20T10:00:15 IST" skipped="0">
  <testcase classname="testng.Simple" name="simple" time="1.521"/>
  <system-out/>
  <testcase classname="testng.Simple" name="simple" time="2.216"/>
  <system-out/>
</testsuite> <!-- testng.Simple -->
