<?xml version="1.0" encoding="UTF-8"?>
<!-- Generated by org.testng.reporters.JUnitReportReporter -->
<testsuite hostname="magicbook15" failures="0" tests="2" name="testng.Sample" time="3.526" errors="0" timestamp="2023-09-20T10:00:15 IST" skipped="0">
  <testcase classname="testng.Sample" name="sample" time="2.104"/>
  <system-out/>
  <testcase classname="testng.Sample" name="sample" time="1.422"/>
  <system-out/>
</testsuite> <!-- testng.Sample -->
