<?xml version="1.0" encoding="UTF-8"?>
<!-- Generated by org.testng.reporters.JUnitReportReporter -->
<testsuite hostname="magicbook15" failures="0" tests="1" name="com.product.test.CreateProductTest" time="4.658" errors="0" timestamp="2023-09-21T18:10:52 IST" skipped="0">
  <testcase classname="com.product.test.CreateProductTest" name="createProductTest" time="4.658"/>
  <system-out/>
</testsuite> <!-- com.product.test.CreateProductTest -->
