<?xml version="1.0" encoding="UTF-8"?>
<!-- Generated by org.testng.reporters.JUnitReportReporter -->
<testsuite hostname="magicbook15" failures="0" tests="4" name="testng.PracticeTest" time="0.012" errors="0" timestamp="2023-09-15T12:22:17 IST" skipped="0">
  <testcase classname="testng.PracticeTest" name="deleteCustomer" time="0.001"/>
  <system-out/>
  <testcase classname="testng.PracticeTest" name="editCustomer" time="0.001"/>
  <system-out/>
  <testcase classname="testng.PracticeTest" name="deleteCustomer" time="0.001"/>
  <system-out/>
  <testcase classname="testng.PracticeTest" name="createCustomerTest" time="0.009"/>
  <system-out/>
</testsuite> <!-- testng.PracticeTest -->
