<?xml version="1.0" encoding="UTF-8"?>
<!-- Generated by org.testng.reporters.JUnitReportReporter -->
<testsuite hostname="magicbook15" failures="0" tests="2" name="testng.Demo" time="3.787" errors="0" timestamp="2023-09-20T10:00:15 IST" skipped="0">
  <testcase classname="testng.Demo" name="demo" time="2.000"/>
  <system-out/>
  <testcase classname="testng.Demo" name="demo" time="1.787"/>
  <system-out/>
</testsuite> <!-- testng.Demo -->
