<?xml version="1.0" encoding="UTF-8"?>
<!-- Generated by org.testng.reporters.JUnitReportReporter -->
<testsuite hostname="magicbook15" failures="0" tests="1" name="com.supplier.test.CreateSupplier" time="3.544" errors="0" timestamp="2023-09-20T13:00:15 IST" skipped="0">
  <testcase classname="com.supplier.test.CreateSupplier" name="createSupplier" time="3.544"/>
  <system-out/>
</testsuite> <!-- com.supplier.test.CreateSupplier -->
