<?xml version="1.0" encoding="UTF-8"?>
<!-- Generated by org.testng.reporters.JUnitReportReporter -->
<testsuite hostname="magicbook15" failures="0" tests="1" name="com.inventory.test.EditInventory" time="2.903" errors="0" timestamp="2023-09-21T12:55:41 IST" skipped="0">
  <testcase classname="com.inventory.test.EditInventory" name="editInventory" time="2.903"/>
  <system-out>
    <![CDATA[editInventory---> Execution starts
editInventory----> Testscript executed succesfully]]>
  </system-out>
</testsuite> <!-- com.inventory.test.EditInventory -->
