<?xml version="1.0" encoding="UTF-8"?>
<!-- Generated by org.testng.reporters.JUnitReportReporter -->
<testsuite hostname="magicbook15" failures="0" tests="1" name="com.practice.test.ReadDataFromcmdtest" time="3.139" errors="0" timestamp="2023-09-06T13:43:20 IST" skipped="0">
  <testcase classname="com.practice.test.ReadDataFromcmdtest" name="cmdTest" time="3.139"/>
  <system-out/>
</testsuite> <!-- com.practice.test.ReadDataFromcmdtest -->
