<?xml version="1.0" encoding="UTF-8"?>
<!-- Generated by org.testng.reporters.JUnitReportReporter -->
<testsuite hostname="magicbook15" failures="0" tests="4" name="testng.ExcelTestNgGeneric" time="0.011" errors="0" timestamp="2023-09-15T15:25:36 IST" skipped="0">
  <testcase classname="testng.ExcelTestNgGeneric" name="execute" time="0.001"/>
  <system-out/>
  <testcase classname="testng.ExcelTestNgGeneric" name="execute" time="0.001"/>
  <system-out/>
  <testcase classname="testng.ExcelTestNgGeneric" name="execute" time="0.008"/>
  <system-out/>
  <testcase classname="testng.ExcelTestNgGeneric" name="execute" time="0.001"/>
  <system-out/>
</testsuite> <!-- testng.ExcelTestNgGeneric -->
