<?xml version="1.0" encoding="UTF-8"?>
<!-- Generated by org.testng.reporters.JUnitReportReporter -->
<testsuite hostname="magicbook15" failures="0" tests="1" name="com.p.test.PlaceOrderByCreatingCustomer" time="5.149" errors="0" timestamp="2023-09-21T18:09:14 IST" skipped="0">
  <testcase classname="com.p.test.PlaceOrderByCreatingCustomer" name="placeOrderByCreatingCustomer" time="5.149"/>
  <system-out/>
</testsuite> <!-- com.p.test.PlaceOrderByCreatingCustomer -->
