<?xml version="1.0" encoding="UTF-8"?>
<!-- Generated by org.testng.reporters.JUnitReportReporter -->
<testsuite hostname="magicbook15" failures="0" tests="1" name="com.employee.test.CreateEmployeeTest" time="2.962" errors="0" timestamp="2023-09-21T12:55:41 IST" skipped="0">
  <testcase classname="com.employee.test.CreateEmployeeTest" name="createEmployee" time="2.962"/>
  <system-out>
    <![CDATA[createEmployee---> Execution starts
createEmployee----> Testscript executed succesfully]]>
  </system-out>
</testsuite> <!-- com.employee.test.CreateEmployeeTest -->
