<?xml version="1.0" encoding="UTF-8"?>
<!-- Generated by org.testng.reporters.JUnitReportReporter -->
<testsuite hostname="magicbook15" failures="0" tests="2" name="testng.DataProviderExn" time="0.012" errors="0" timestamp="2023-09-15T13:22:11 IST" skipped="0">
  <testcase classname="testng.DataProviderExn" name="getData" time="0.001"/>
  <system-out/>
  <testcase classname="testng.DataProviderExn" name="getData" time="0.011"/>
  <system-out/>
</testsuite> <!-- testng.DataProviderExn -->
