<?xml version="1.0" encoding="UTF-8"?>
<!-- Generated by org.testng.reporters.JUnitReportReporter -->
<testsuite hostname="magicbook15" failures="0" tests="3" name="testng.AnnotationsExecution" time="0.015" errors="0" timestamp="2023-09-19T10:20:58 IST" skipped="0">
  <testcase classname="testng.AnnotationsExecution" name="test" time="0.009"/>
  <system-out/>
  <testcase classname="testng.AnnotationsExecution" name="demo" time="0.003"/>
  <system-out/>
  <testcase classname="testng.AnnotationsExecution" name="demo" time="0.003"/>
  <system-out/>
</testsuite> <!-- testng.AnnotationsExecution -->
