<?xml version="1.0" encoding="UTF-8"?>
<!-- Generated by org.testng.reporters.JUnitReportReporter -->
<testsuite hostname="magicbook15" failures="0" tests="2" name="testng.Assert1" time="0.014" errors="0" timestamp="2023-09-20T13:08:36 IST" skipped="0">
  <testcase classname="testng.Assert1" name="softAssert" time="0.013"/>
  <system-out/>
  <testcase classname="testng.Assert1" name="demo" time="0.001"/>
  <system-out/>
</testsuite> <!-- testng.Assert1 -->
