<?xml version="1.0" encoding="UTF-8"?>
<!-- Generated by org.testng.reporters.JUnitReportReporter -->
<testsuite hostname="magicbook15" failures="0" tests="4" name="testng.ExecuteExdata" time="0.010" errors="0" timestamp="2023-09-15T15:00:54 IST" skipped="0">
  <testcase classname="testng.ExecuteExdata" name="execute" time="0.006"/>
  <system-out/>
  <testcase classname="testng.ExecuteExdata" name="execute" time="0.001"/>
  <system-out/>
  <testcase classname="testng.ExecuteExdata" name="execute" time="0.002"/>
  <system-out/>
  <testcase classname="testng.ExecuteExdata" name="execute" time="0.001"/>
  <system-out/>
</testsuite> <!-- testng.ExecuteExdata -->
