<?xml version="1.0" encoding="UTF-8"?>
<!-- Generated by org.testng.reporters.JUnitReportReporter -->
<testsuite hostname="magicbook15" failures="0" tests="2" name="testng.DataProviderTest" time="0.012" errors="0" timestamp="2023-09-15T12:55:09 IST" skipped="0">
  <testcase classname="testng.DataProviderTest" name="getData" time="0.001"/>
  <system-out/>
  <testcase classname="testng.DataProviderTest" name="getData" time="0.011"/>
  <system-out/>
</testsuite> <!-- testng.DataProviderTest -->
