<?xml version="1.0" encoding="UTF-8"?>
<!-- Generated by org.testng.reporters.JUnitReportReporter -->
<testsuite hostname="magicbook15" failures="0" tests="1" name="com.transaction.test.ProductToTransaction" time="4.133" errors="0" timestamp="2023-09-20T13:01:18 IST" skipped="0">
  <testcase classname="com.transaction.test.ProductToTransaction" name="productToTransaction" time="4.133"/>
  <system-out/>
</testsuite> <!-- com.transaction.test.ProductToTransaction -->
